{
  "stats": {
    "suites": 1,
    "tests": 2,
    "passes": 2,
    "pending": 0,
    "failures": 0,
    "start": "2023-01-16T00:27:49.255Z",
    "end": "2023-01-16T00:27:51.068Z",
    "duration": 1813,
    "testsRegistered": 2,
    "passPercent": 100,
    "pendingPercent": 0,
    "other": 0,
    "hasOther": false,
    "skipped": 0,
    "hasSkipped": false
  },
  "results": [
    {
      "uuid": "0b6d02f3-8dc4-45fd-a91e-95c6a597bd2f",
      "title": "",
      "fullFile": "D:\\Belajar\\Quality Assurance\\Automation Testing Javascript\\test\\api\\chaiAssert.js",
      "file": "\\test\\api\\chaiAssert.js",
      "beforeHooks": [],
      "afterHooks": [],
      "tests": [],
      "suites": [
        {
          "uuid": "d6dfea6e-f4e2-4257-a0b8-4e6959f5d697",
          "title": "Post Request Example",
          "fullFile": "D:\\Belajar\\Quality Assurance\\Automation Testing Javascript\\test\\api\\chaiAssert.js",
          "file": "\\test\\api\\chaiAssert.js",
          "beforeHooks": [],
          "afterHooks": [],
          "tests": [
            {
              "title": "response status equal to 200",
              "fullTitle": "Post Request Example response status equal to 200",
              "timedOut": false,
              "duration": 1728,
              "state": "passed",
              "speed": "slow",
              "pass": true,
              "fail": false,
              "pending": false,
              "context": null,
              "code": "// check response status harus sama dengan 200\nexpect((await response).status).to.equal(200)",
              "err": {},
              "uuid": "0446971c-872a-4b99-89dc-b3c7fa1b0565",
              "parentUUID": "d6dfea6e-f4e2-4257-a0b8-4e6959f5d697",
              "isHook": false,
              "skipped": false
            },
            {
              "title": "response body to haveOwnProperty",
              "fullTitle": "Post Request Example response body to haveOwnProperty",
              "timedOut": false,
              "duration": 3,
              "state": "passed",
              "speed": "fast",
              "pass": true,
              "fail": false,
              "pending": false,
              "context": null,
              "code": "// expect dalam body message terdapat value 'welcome'\nexpect((await response).body).to.haveOwnProperty('message')",
              "err": {},
              "uuid": "e4b95bc8-09aa-4047-911b-8e66c2e90da9",
              "parentUUID": "d6dfea6e-f4e2-4257-a0b8-4e6959f5d697",
              "isHook": false,
              "skipped": false
            }
          ],
          "suites": [],
          "passes": [
            "0446971c-872a-4b99-89dc-b3c7fa1b0565",
            "e4b95bc8-09aa-4047-911b-8e66c2e90da9"
          ],
          "failures": [],
          "pending": [],
          "skipped": [],
          "duration": 1731,
          "root": false,
          "rootEmpty": false,
          "_timeout": 2000
        }
      ],
      "passes": [],
      "failures": [],
      "pending": [],
      "skipped": [],
      "duration": 0,
      "root": true,
      "rootEmpty": true,
      "_timeout": 2000
    }
  ],
  "meta": {
    "mocha": {
      "version": "10.2.0"
    },
    "mochawesome": {
      "options": {
        "quiet": false,
        "reportFilename": "mochawesome",
        "saveHtml": true,
        "saveJson": true,
        "consoleReporter": "spec",
        "useInlineDiffs": false,
        "code": true
      },
      "version": "7.1.3"
    },
    "marge": {
      "options": null,
      "version": "6.2.0"
    }
  }
}